<?xml version="1.0" encoding="UTF-8"?>
<!-- Generated by org.testng.reporters.JUnitReportReporter -->
<testsuite hostname="Shagars-MBP.lan" failures="0" tests="3" name="runner.TestRunner" time="25.412" errors="0" timestamp="2023-02-15T20:53:39 EST" skipped="0">
  <testcase classname="runner.TestRunner" name="runScenario" time="7.304"/>
  <system-out/>
  <testcase classname="runner.TestRunner" name="runScenario" time="7.783"/>
  <system-out/>
  <testcase classname="runner.TestRunner" name="runScenario" time="10.325"/>
  <system-out/>
</testsuite> <!-- runner.TestRunner -->
