<?xml version="1.0" encoding="UTF-8"?>
<!-- Generated by org.testng.reporters.JUnitReportReporter -->
<testsuite hostname="Shagars-MBP.lan" failures="0" tests="3" name="runner.TestRunner" time="19.502" errors="0" timestamp="2023-02-08T21:01:54 EST" skipped="0">
  <testcase classname="runner.TestRunner" name="runScenario" time="6.664"/>
  <system-out/>
  <testcase classname="runner.TestRunner" name="runScenario" time="5.414"/>
  <system-out/>
  <testcase classname="runner.TestRunner" name="runScenario" time="7.424"/>
  <system-out/>
</testsuite> <!-- runner.TestRunner -->
